TN:
SF:script/config.s.sol
DA:33,17
FN:33,EngineConfig.getNetworkConfig
FNDA:17,EngineConfig.getNetworkConfig
DA:34,17
BRDA:34,0,0,17
BRDA:34,0,1,-
DA:35,17
DA:36,0
BRDA:36,1,0,-
BRDA:36,1,1,-
DA:37,0
DA:39,0
DA:43,0
FN:43,EngineConfig.getSepoliaConfig
FNDA:0,EngineConfig.getSepoliaConfig
DA:44,0
DA:53,0
FN:53,EngineConfig.getAvilConfig
FNDA:0,EngineConfig.getAvilConfig
DA:54,17
BRDA:54,2,0,-
DA:55,0
DA:58,17
DA:60,17
DA:62,17
DA:63,17
DA:67,17
DA:69,17
DA:72,17
FNF:3
FNH:1
LF:18
LH:11
BRF:5
BRH:1
end_of_record
TN:
SF:script/deploy.s.sol
DA:31,17
FN:31,DeployEngine.run
FNDA:17,DeployEngine.run
DA:33,17
DA:34,17
DA:37,17
DA:44,17
BRDA:44,0,0,17
DA:45,17
DA:48,17
DA:51,17
DA:53,17
DA:61,17
DA:64,17
DA:73,17
DA:79,17
BRDA:79,1,0,17
BRDA:79,1,1,-
DA:81,17
DA:82,0
BRDA:82,2,0,-
DA:84,0
DA:89,17
DA:91,17
FNF:1
FNH:1
LF:18
LH:16
BRF:4
BRH:2
end_of_record
TN:
SF:src/StableToken.sol
DA:43,17
FN:43,StableToken.constructor
FNDA:17,StableToken.constructor
DA:44,17
DA:52,8
FN:52,StableToken.ethAmountAndAddressChecks
FNDA:8,StableToken.ethAmountAndAddressChecks
DA:53,8
BRDA:53,0,0,1
DA:54,1
DA:61,5
FN:61,StableToken.checkBalanceOfUser
FNDA:5,StableToken.checkBalanceOfUser
DA:62,5
BRDA:62,1,0,1
DA:63,1
DA:66,4
BRDA:66,2,0,1
DA:67,1
DA:82,8
FN:82,StableToken.buyToken
FNDA:8,StableToken.buyToken
DA:83,6
BRDA:83,3,0,1
DA:84,1
DA:87,5
DA:88,5
DA:89,5
DA:92,5
DA:94,5
DA:103,5
FN:103,StableToken.sellToken
FNDA:5,StableToken.sellToken
DA:104,3
BRDA:104,4,0,1
DA:105,1
DA:109,2
DA:111,2
DA:112,2
DA:115,2
BRDA:115,5,0,1
DA:116,1
DA:120,1
DA:123,1
DA:124,1
BRDA:124,6,0,-
DA:125,0
DA:128,1
DA:136,2
FN:136,StableToken.getAndConvertEthPrice
FNDA:2,StableToken.getAndConvertEthPrice
DA:137,7
DA:139,7
DA:142,7
DA:146,2
FN:146,StableToken.convertUSDToEth
FNDA:2,StableToken.convertUSDToEth
DA:147,4
DA:149,4
DA:152,4
DA:160,1
FN:160,StableToken.removeLiquidity
FNDA:1,StableToken.removeLiquidity
DA:162,1
DA:164,1
DA:166,1
BRDA:166,7,0,-
DA:167,0
DA:174,1
FN:174,StableToken.getPrecision
FNDA:1,StableToken.getPrecision
DA:175,1
DA:177,1
FN:177,StableToken.getPricePrecision
FNDA:1,StableToken.getPricePrecision
DA:178,1
DA:180,1
FN:180,StableToken.getBuyFee
FNDA:1,StableToken.getBuyFee
DA:181,1
DA:183,1
FN:183,StableToken.getSellFee
FNDA:1,StableToken.getSellFee
DA:184,1
DA:186,1
FN:186,StableToken.getFeePrecision
FNDA:1,StableToken.getFeePrecision
DA:187,1
DA:189,1
FN:189,StableToken.getFeeAddress
FNDA:1,StableToken.getFeeAddress
DA:190,1
FNF:14
FNH:14
LF:56
LH:54
BRF:8
BRH:6
end_of_record
TN:
SF:src/engine.sol
DA:131,17
FN:131,RaffileEngine.constructor
FNDA:17,RaffileEngine.constructor
DA:138,17
DA:139,17
DA:140,17
DA:141,17
DA:143,17
DA:144,17
DA:155,0
FN:155,RaffileEngine.buyTickets
FNDA:0,RaffileEngine.buyTickets
DA:156,0
DA:157,0
BRDA:157,0,0,-
DA:158,0
DA:161,0
DA:162,0
BRDA:162,1,0,-
DA:163,0
DA:166,0
DA:167,0
DA:170,0
DA:171,0
BRDA:171,2,0,-
DA:172,0
DA:174,0
DA:175,0
DA:177,0
DA:188,0
FN:188,RaffileEngine.enterRaffle
FNDA:0,RaffileEngine.enterRaffle
DA:189,0
BRDA:189,3,0,-
DA:190,0
DA:193,0
BRDA:193,4,0,-
DA:194,0
DA:197,0
BRDA:197,5,0,-
DA:198,0
DA:201,0
DA:203,0
BRDA:203,6,0,-
DA:204,0
DA:208,0
DA:211,0
DA:212,0
DA:214,0
DA:217,0
DA:219,0
DA:224,0
FN:224,RaffileEngine.requestRandomWords
FNDA:0,RaffileEngine.requestRandomWords
DA:226,0
DA:247,0
FN:247,RaffileEngine.fulfillRandomWords
FNDA:0,RaffileEngine.fulfillRandomWords
DA:255,0
DA:256,0
BRDA:256,7,0,-
DA:257,0
DA:260,0
DA:261,0
DA:262,0
DA:264,0
DA:265,0
DA:268,0
DA:269,0
DA:270,0
DA:272,0
BRDA:272,8,0,-
BRDA:272,8,1,-
DA:273,0
DA:274,0
BRDA:274,9,0,-
BRDA:274,9,1,-
DA:275,0
DA:277,0
DA:278,0
DA:280,0
DA:281,0
DA:285,0
DA:288,0
FN:288,RaffileEngine._resetRaffleRound
FNDA:0,RaffileEngine._resetRaffleRound
DA:289,0
DA:290,0
DA:297,0
FN:297,RaffileEngine.claimRewardWon
FNDA:0,RaffileEngine.claimRewardWon
DA:298,0
BRDA:298,10,0,-
DA:299,0
DA:302,0
DA:303,0
BRDA:303,11,0,-
DA:304,0
DA:307,0
BRDA:307,12,0,-
DA:308,0
DA:310,0
DA:312,0
DA:314,0
DA:315,0
DA:317,0
DA:318,0
BRDA:318,13,0,-
DA:319,0
DA:322,0
DA:332,0
FN:332,RaffileEngine.buyRaffileToken
FNDA:0,RaffileEngine.buyRaffileToken
DA:333,0
BRDA:333,14,0,-
DA:334,0
DA:337,0
DA:338,0
BRDA:338,15,0,-
DA:339,0
DA:342,0
DA:349,0
FN:349,RaffileEngine.sellRaffileToken
FNDA:0,RaffileEngine.sellRaffileToken
DA:350,0
DA:351,0
BRDA:351,16,0,-
DA:352,0
DA:355,0
BRDA:355,17,0,-
DA:356,0
DA:360,0
DA:361,0
BRDA:361,18,0,-
DA:362,0
DA:366,0
DA:367,0
BRDA:367,19,0,-
DA:368,0
DA:371,0
FNF:9
FNH:1
LF:100
LH:7
BRF:22
BRH:0
end_of_record
TN:
SF:test/intergration/engine.t.sol
DA:22,0
FN:22,TestStabeleToken.setUp
FNDA:0,TestStabeleToken.setUp
DA:23,0
DA:24,0
DA:25,0
DA:27,0
DA:30,0
DA:31,0
FNF:1
FNH:0
LF:7
LH:0
BRF:0
BRH:0
end_of_record
TN:
SF:test/priceMock.sol
DA:32,17
FN:32,MockV3Aggregator.constructor
FNDA:17,MockV3Aggregator.constructor
DA:33,17
DA:34,17
DA:37,17
FN:37,MockV3Aggregator.updateAnswer
FNDA:17,MockV3Aggregator.updateAnswer
DA:38,17
DA:39,17
DA:40,17
DA:41,17
DA:42,17
DA:43,17
DA:46,0
FN:46,MockV3Aggregator.updateRoundData
FNDA:0,MockV3Aggregator.updateRoundData
DA:52,0
DA:53,0
DA:54,0
DA:55,0
DA:56,0
DA:57,0
DA:60,0
FN:60,MockV3Aggregator.getRoundData
FNDA:0,MockV3Aggregator.getRoundData
DA:73,0
DA:82,11
FN:82,MockV3Aggregator.latestRoundData
FNDA:11,MockV3Aggregator.latestRoundData
DA:93,11
DA:102,0
FN:102,MockV3Aggregator.description
FNDA:0,MockV3Aggregator.description
DA:103,0
FNF:6
FNH:3
LF:23
LH:12
BRF:0
BRH:0
end_of_record
